Traceback (most recent call last):
  File "/home/canesche/.local/lib/python3.10/site-packages/numpy/core/__init__.py", line 23, in <module>
    from . import multiarray
  File "/home/canesche/.local/lib/python3.10/site-packages/numpy/core/multiarray.py", line 10, in <module>
    from . import overrides
  File "/home/canesche/.local/lib/python3.10/site-packages/numpy/core/overrides.py", line 6, in <module>
    from numpy.core._multiarray_umath import (
ImportError: /home/canesche/.local/lib/python3.10/site-packages/numpy/core/_multiarray_umath.cpython-310-x86_64-linux-gnu.so: undefined symbol: c_DeprecationWarning

During handling of the above exception, another exception occurred:

Traceback (most recent call last):
  File "/home/canesche/git/bennu/benchmarks/models_onnx.py", line 1, in <module>
    import tvm, argparse, os, sys, time, onnx
  File "/home/canesche/tvm-0.16.dev0/python/tvm/__init__.py", line 26, in <module>
    from ._ffi.base import TVMError, __version__, _RUNTIME_ONLY
  File "/home/canesche/tvm-0.16.dev0/python/tvm/_ffi/__init__.py", line 28, in <module>
    from .base import register_error
  File "/home/canesche/tvm-0.16.dev0/python/tvm/_ffi/base.py", line 29, in <module>
    import numpy as np
  File "/home/canesche/.local/lib/python3.10/site-packages/numpy/__init__.py", line 141, in <module>
    from . import core
  File "/home/canesche/.local/lib/python3.10/site-packages/numpy/core/__init__.py", line 49, in <module>
    raise ImportError(msg)
ImportError: 

IMPORTANT: PLEASE READ THIS FOR ADVICE ON HOW TO SOLVE THIS ISSUE!

Importing the numpy C-extensions failed. This error can happen for
many reasons, often due to issues with your setup or how NumPy was
installed.

We have compiled some common reasons and troubleshooting tips at:

    https://numpy.org/devdocs/user/troubleshooting-importerror.html

Please note and check the following:

  * The Python version is: Python3.10 from "/usr/bin/python3"
  * The NumPy version is: "1.24.4"

and make sure that they are the versions you expect.
Please carefully study the documentation linked above for further help.

Original error was: /home/canesche/.local/lib/python3.10/site-packages/numpy/core/_multiarray_umath.cpython-310-x86_64-linux-gnu.so: undefined symbol: c_DeprecationWarning

